<?xml version="1.0" encoding="UTF-8"?>
<testng-results ignored="0" total="1" passed="1" failed="0" skipped="0">
  <reporter-output>
  </reporter-output>
  <suite started-at="2024-01-17T15:51:00 GMT" name="Default suite" finished-at="2024-01-17T15:51:20 GMT" duration-ms="19845">
    <groups>
    </groups>
    <test started-at="2024-01-17T15:51:00 GMT" name="Default test" finished-at="2024-01-17T15:51:20 GMT" duration-ms="19845">
      <class name="pageTests.android.ECommerceTest2">
        <test-method is-config="true" signature="configureAppium()[pri:0, instance:pageTests.android.ECommerceTest2@47eaca72]" started-at="2024-01-17T15:51:00 GMT" name="configureAppium" finished-at="2024-01-17T15:51:06 GMT" duration-ms="6118" status="PASS">
          <reporter-output>
          </reporter-output>
        </test-method> <!-- configureAppium -->
        <test-method signature="fillForm()[pri:0, instance:pageTests.android.ECommerceTest2@47eaca72]" started-at="2024-01-17T15:51:06 GMT" name="fillForm" finished-at="2024-01-17T15:51:19 GMT" duration-ms="13360" status="PASS">
          <reporter-output>
          </reporter-output>
        </test-method> <!-- fillForm -->
        <test-method is-config="true" signature="tearDown()[pri:0, instance:pageTests.android.ECommerceTest2@47eaca72]" started-at="2024-01-17T15:51:19 GMT" name="tearDown" finished-at="2024-01-17T15:51:20 GMT" duration-ms="339" status="PASS">
          <reporter-output>
          </reporter-output>
        </test-method> <!-- tearDown -->
      </class> <!-- pageTests.android.ECommerceTest2 -->
    </test> <!-- Default test -->
  </suite> <!-- Default suite -->
</testng-results>
